<?xml version="1.0" encoding="UTF-8"?>
<!-- Generated by org.testng.reporters.JUnitXMLReporter -->
<testsuite ignored="0" hostname="DESKTOP-ERMO56R" failures="1" tests="3" name="Wild Cart homepage Testing" time="21.021" errors="0" timestamp="14 Aug 2021 01:49:28 GMT">
  <testcase classname="com.qa.wildcart.test.HomePageTest" name="verifyHomePageTitle" time="0.011"/>
  <testcase classname="com.qa.wildcart.test.HomePageTest" name="verifyLoggedUserTest" time="0.34"/>
  <testcase classname="com.qa.wildcart.test.HomePageTest" name="verifyProdListCount" time="0.029">
    <failure type="java.lang.AssertionError" message="expected [9] but found [7]">
      <![CDATA[java.lang.AssertionError: expected [9] but found [7]
at com.qa.wildcart.test.HomePageTest.verifyProdListCount(HomePageTest.java:31)
... Removed 31 stack frames]]>
    </failure>
  </testcase> <!-- verifyProdListCount -->
</testsuite> <!-- Wild Cart homepage Testing -->
