<?xml version="1.0" encoding="UTF-8"?>
<!-- Generated by org.testng.reporters.JUnitXMLReporter -->
<testsuite ignored="0" hostname="DESKTOP-ERMO56R" failures="0" tests="3" name="Wild Cart Login Testing -" time="11.98" errors="0" timestamp="19 Aug 2021 12:23:12 GMT">
  <testcase classname="com.qa.wildcart.test.LoginPageTest" name="verifySignUpLinkTest" time="0.572"/>
  <testcase classname="com.qa.wildcart.test.LoginPageTest" name="verifyPageTitle" time="0.017"/>
  <testcase classname="com.qa.wildcart.test.LoginPageTest" name="loginTest" time="2.146"/>
</testsuite> <!-- Wild Cart Login Testing - -->
