<?xml version="1.0" encoding="UTF-8"?>
<!-- Generated by org.testng.reporters.JUnitXMLReporter -->
<testsuite hostname="DESKTOP-ERMO56R" ignored="2" name="Surefire test" tests="1" failures="0" timestamp="19 Jan 2021 03:16:21 GMT" time="11.219" errors="0">
  <testcase name="verifySignUpLinkTest" time="0.592" classname="com.qa.wildcart.test.LoginPageTest"/>
  <testcase name="loginTest" time="0.0" classname="com.qa.wildcart.test.LoginPageTest">
    <ignored/>
  </testcase> <!-- loginTest -->
  <testcase name="verifyPageTitle" time="0.0" classname="com.qa.wildcart.test.LoginPageTest">
    <ignored/>
  </testcase> <!-- verifyPageTitle -->
</testsuite> <!-- Surefire test -->
