<?xml version="1.0" encoding="UTF-8"?>
<!-- Generated by org.testng.reporters.JUnitXMLReporter -->
<testsuite ignored="4" hostname="DESKTOP-ERMO56R" failures="3" tests="9" name="Test" time="20.473" errors="0" timestamp="18 Jan 2021 21:42:55 GMT">
  <testcase classname="com.qa.wildcart.test.HomePageTest" name="@BeforeClass homepagesetup" time="0.001">
    <failure type="java.lang.NullPointerException">
      <![CDATA[java.lang.NullPointerException
at com.qa.wildcart.test.HomePageTest.homepagesetup(HomePageTest.java:14)
... Removed 26 stack frames]]>
    </failure>
  </testcase> <!-- @BeforeClass homepagesetup -->
  <testcase classname="com.qa.wildcart.test.RegisterPageTest" name="userRegisterationTest" time="2.671"/>
  <testcase classname="com.qa.wildcart.test.RegisterPageTest" name="userRegisterationTest" time="2.651"/>
  <testcase classname="com.qa.wildcart.test.RegisterPageTest" name="userRegisterationTest" time="2.362"/>
  <testcase classname="com.qa.wildcart.test.LoginPageTest" name="verifySignUpLinkTest" time="0.003">
    <failure type="java.lang.NullPointerException">
      <![CDATA[java.lang.NullPointerException
at com.qa.wildcart.test.LoginPageTest.verifySignUpLinkTest(LoginPageTest.java:29)
... Removed 25 stack frames]]>
    </failure>
  </testcase> <!-- verifySignUpLinkTest -->
  <testcase classname="com.qa.wildcart.test.HomePageTest" name="verifyHomePageTitle" time="0.0">
    <skipped/>
  </testcase> <!-- verifyHomePageTitle -->
  <testcase classname="com.qa.wildcart.test.LoginPageTest" name="verifyPageTitle" time="0.003">
    <failure type="java.lang.NullPointerException">
      <![CDATA[java.lang.NullPointerException
at com.qa.wildcart.test.LoginPageTest.verifyPageTitle(LoginPageTest.java:35)
... Removed 25 stack frames]]>
    </failure>
  </testcase> <!-- verifyPageTitle -->
  <testcase classname="com.qa.wildcart.test.HomePageTest" name="verifyLoggedUserTest" time="0.0">
    <skipped/>
  </testcase> <!-- verifyLoggedUserTest -->
  <testcase classname="com.qa.wildcart.test.LoginPageTest" name="loginTest" time="0.003">
    <failure type="java.lang.NullPointerException">
      <![CDATA[java.lang.NullPointerException
at com.qa.wildcart.test.LoginPageTest.loginTest(LoginPageTest.java:43)
... Removed 25 stack frames]]>
    </failure>
  </testcase> <!-- loginTest -->
  <testcase classname="com.qa.wildcart.test.HomePageTest" name="verifyProdListCount" time="0.0">
    <skipped/>
  </testcase> <!-- verifyProdListCount -->
  <testcase classname="com.qa.wildcart.base.BaseTest" name="@BeforeTest setup" time="0.0">
    <ignored/>
  </testcase> <!-- @BeforeTest setup -->
  <testcase classname="com.qa.wildcart.base.BaseTest" name="@BeforeTest setup" time="0.0">
    <ignored/>
  </testcase> <!-- @BeforeTest setup -->
  <testcase classname="com.qa.wildcart.base.BaseTest" name="@AfterTest closeBrowser" time="0.0">
    <ignored/>
  </testcase> <!-- @AfterTest closeBrowser -->
  <testcase classname="com.qa.wildcart.base.BaseTest" name="@AfterTest closeBrowser" time="0.0">
    <ignored/>
  </testcase> <!-- @AfterTest closeBrowser -->
</testsuite> <!-- Test -->
