<?xml version="1.0" encoding="UTF-8"?>
<!-- Generated by org.testng.reporters.JUnitXMLReporter -->
<testsuite ignored="0" hostname="DESKTOP-ERMO56R" failures="0" tests="3" name="Wild Cart Login Testing -" time="25.642" errors="0" timestamp="29 Jan 2021 04:05:19 GMT">
  <testcase classname="com.qa.wildcart.test.LoginPageTest" name="verifySignUpLinkTest" time="4.023"/>
  <testcase classname="com.qa.wildcart.test.LoginPageTest" name="verifyPageTitle" time="0.12"/>
  <testcase classname="com.qa.wildcart.test.LoginPageTest" name="loginTest" time="6.558"/>
</testsuite> <!-- Wild Cart Login Testing - -->
