<?xml version="1.0" encoding="UTF-8"?>
<!-- Generated by org.testng.reporters.JUnitXMLReporter -->
<testsuite ignored="0" hostname="DESKTOP-ERMO56R" failures="0" tests="3" name="Wild Cart Login Testing -" time="12.167" errors="0" timestamp="19 Jan 2021 02:51:14 GMT">
  <testcase classname="com.qa.wildcart.test.LoginPageTest" name="verifySignUpLinkTest" time="0.57"/>
  <testcase classname="com.qa.wildcart.test.LoginPageTest" name="verifyPageTitle" time="0.025"/>
  <testcase classname="com.qa.wildcart.test.LoginPageTest" name="loginTest" time="1.175"/>
</testsuite> <!-- Wild Cart Login Testing - -->
