<?xml version="1.0" encoding="UTF-8"?>
<!-- Generated by org.testng.reporters.JUnitXMLReporter -->
<testsuite hostname="DESKTOP-ERMO56R" ignored="0" name="Wild Cart homepage Testing" tests="3" failures="0" timestamp="19 Jan 2021 03:13:11 GMT" time="11.049" errors="0">
  <testcase name="verifyHomePageTitle" time="0.009" classname="com.qa.wildcart.test.HomePageTest"/>
  <testcase name="verifyLoggedUserTest" time="0.977" classname="com.qa.wildcart.test.HomePageTest"/>
  <testcase name="verifyProdListCount" time="0.028" classname="com.qa.wildcart.test.HomePageTest"/>
</testsuite> <!-- Wild Cart homepage Testing -->
