<?xml version="1.0" encoding="UTF-8"?>
<!-- Generated by org.testng.reporters.JUnitXMLReporter -->
<testsuite hostname="DESKTOP-ERMO56R" ignored="0" name="Wild Cart homepage Testing" tests="3" failures="0" timestamp="29 Jan 2021 04:09:53 GMT" time="41.06" errors="0">
  <testcase name="verifyHomePageTitle" time="0.057" classname="com.qa.wildcart.test.HomePageTest"/>
  <testcase name="verifyLoggedUserTest" time="0.99" classname="com.qa.wildcart.test.HomePageTest"/>
  <testcase name="verifyProdListCount" time="0.047" classname="com.qa.wildcart.test.HomePageTest"/>
</testsuite> <!-- Wild Cart homepage Testing -->
