<?xml version="1.0" encoding="UTF-8"?>
<!-- Generated by org.testng.reporters.JUnitXMLReporter -->
<testsuite hostname="DESKTOP-ERMO56R" ignored="0" name="Wild Cart Login Testing -" tests="3" failures="0" timestamp="19 Jan 2021 03:12:59 GMT" time="12.421" errors="0">
  <testcase name="verifySignUpLinkTest" time="0.916" classname="com.qa.wildcart.test.LoginPageTest"/>
  <testcase name="verifyPageTitle" time="0.042" classname="com.qa.wildcart.test.LoginPageTest"/>
  <testcase name="loginTest" time="1.179" classname="com.qa.wildcart.test.LoginPageTest"/>
</testsuite> <!-- Wild Cart Login Testing - -->
