<?xml version="1.0" encoding="UTF-8"?>
<!-- Generated by org.testng.reporters.JUnitXMLReporter -->
<testsuite hostname="DESKTOP-ERMO56R" ignored="0" name="Wild Cart Login Testing -" tests="3" failures="0" timestamp="29 Jan 2021 04:09:44 GMT" time="31.502" errors="0">
  <testcase name="verifySignUpLinkTest" time="4.144" classname="com.qa.wildcart.test.LoginPageTest"/>
  <testcase name="verifyPageTitle" time="0.107" classname="com.qa.wildcart.test.LoginPageTest"/>
  <testcase name="loginTest" time="7.334" classname="com.qa.wildcart.test.LoginPageTest"/>
</testsuite> <!-- Wild Cart Login Testing - -->
