<?xml version="1.0" encoding="UTF-8"?>
<testng-results ignored="0" total="6" passed="6" failed="0" skipped="0">
  <reporter-output>
  </reporter-output>
  <suite started-at="2021-01-29T04:04:53Z" name="Wild Cart automtion sanity suite" finished-at="2021-01-29T04:05:31Z" duration-ms="37913">
    <groups>
    </groups>
    <test started-at="2021-01-29T04:04:53Z" name="Wild Cart Login Testing -" finished-at="2021-01-29T04:05:19Z" duration-ms="25642">
      <class name="com.qa.wildcart.test.LoginPageTest">
        <test-method is-config="true" signature="setUp(java.lang.String)[pri:0, instance:com.qa.wildcart.test.LoginPageTest@3f92a84e]" started-at="2021-01-29T04:04:53Z" name="setUp" finished-at="2021-01-29T04:05:07Z" duration-ms="14420" status="PASS">
          <params>
            <param index="0">
              <value>
                <![CDATA[chrome]]>
              </value>
            </param>
          </params>
          <reporter-output>
          </reporter-output>
        </test-method> <!-- setUp -->
        <test-method signature="verifySignUpLinkTest()[pri:1, instance:com.qa.wildcart.test.LoginPageTest@3f92a84e]" started-at="2021-01-29T04:05:08Z" name="verifySignUpLinkTest" finished-at="2021-01-29T04:05:12Z" duration-ms="4023" status="PASS">
          <reporter-output>
          </reporter-output>
        </test-method> <!-- verifySignUpLinkTest -->
        <test-method signature="verifyPageTitle()[pri:2, instance:com.qa.wildcart.test.LoginPageTest@3f92a84e]" started-at="2021-01-29T04:05:12Z" name="verifyPageTitle" finished-at="2021-01-29T04:05:12Z" duration-ms="120" status="PASS">
          <reporter-output>
          </reporter-output>
        </test-method> <!-- verifyPageTitle -->
        <test-method signature="loginTest()[pri:3, instance:com.qa.wildcart.test.LoginPageTest@3f92a84e]" started-at="2021-01-29T04:05:12Z" name="loginTest" finished-at="2021-01-29T04:05:18Z" duration-ms="6558" status="PASS">
          <reporter-output>
          </reporter-output>
        </test-method> <!-- loginTest -->
        <test-method is-config="true" signature="closeBrowser()[pri:0, instance:com.qa.wildcart.test.LoginPageTest@3f92a84e]" started-at="2021-01-29T04:05:18Z" name="closeBrowser" finished-at="2021-01-29T04:05:19Z" duration-ms="240" status="PASS">
          <reporter-output>
          </reporter-output>
        </test-method> <!-- closeBrowser -->
      </class> <!-- com.qa.wildcart.test.LoginPageTest -->
    </test> <!-- Wild Cart Login Testing - -->
    <test started-at="2021-01-29T04:04:53Z" name="Wild Cart homepage Testing" finished-at="2021-01-29T04:05:31Z" duration-ms="37913">
      <class name="com.qa.wildcart.test.HomePageTest">
        <test-method is-config="true" signature="setUp(java.lang.String)[pri:0, instance:com.qa.wildcart.test.HomePageTest@71ad3d8a]" started-at="2021-01-29T04:04:53Z" name="setUp" finished-at="2021-01-29T04:05:23Z" duration-ms="30170" status="PASS">
          <params>
            <param index="0">
              <value>
                <![CDATA[firefox]]>
              </value>
            </param>
          </params>
          <reporter-output>
          </reporter-output>
        </test-method> <!-- setUp -->
        <test-method is-config="true" signature="homepagesetup()[pri:0, instance:com.qa.wildcart.test.HomePageTest@71ad3d8a]" started-at="2021-01-29T04:05:23Z" name="homepagesetup" finished-at="2021-01-29T04:05:28Z" duration-ms="4349" status="PASS">
          <reporter-output>
          </reporter-output>
        </test-method> <!-- homepagesetup -->
        <test-method signature="verifyHomePageTitle()[pri:1, instance:com.qa.wildcart.test.HomePageTest@71ad3d8a]" started-at="2021-01-29T04:05:28Z" name="verifyHomePageTitle" finished-at="2021-01-29T04:05:28Z" duration-ms="102" status="PASS">
          <reporter-output>
          </reporter-output>
        </test-method> <!-- verifyHomePageTitle -->
        <test-method signature="verifyLoggedUserTest()[pri:2, instance:com.qa.wildcart.test.HomePageTest@71ad3d8a]" started-at="2021-01-29T04:05:28Z" name="verifyLoggedUserTest" finished-at="2021-01-29T04:05:29Z" duration-ms="928" status="PASS">
          <reporter-output>
          </reporter-output>
        </test-method> <!-- verifyLoggedUserTest -->
        <test-method signature="verifyProdListCount()[pri:3, instance:com.qa.wildcart.test.HomePageTest@71ad3d8a]" started-at="2021-01-29T04:05:29Z" name="verifyProdListCount" finished-at="2021-01-29T04:05:29Z" duration-ms="37" status="PASS">
          <reporter-output>
          </reporter-output>
        </test-method> <!-- verifyProdListCount -->
        <test-method is-config="true" signature="closeBrowser()[pri:0, instance:com.qa.wildcart.test.HomePageTest@71ad3d8a]" started-at="2021-01-29T04:05:29Z" name="closeBrowser" finished-at="2021-01-29T04:05:31Z" duration-ms="2295" status="PASS">
          <reporter-output>
          </reporter-output>
        </test-method> <!-- closeBrowser -->
      </class> <!-- com.qa.wildcart.test.HomePageTest -->
    </test> <!-- Wild Cart homepage Testing -->
  </suite> <!-- Wild Cart automtion sanity suite -->
</testng-results>
